<?xml version="1.0" encoding="UTF-8" ?>
<testsuite errors="0" failures="0" hostname="EYALKOPEL-LT" name="p1.AppiumGridIOS" skipped="0" tests="1" time="105.969" timestamp="2017-11-10T07:24:49">
  <properties>
    <property name="ant.project.invoked-targets" value="Test05" />
    <property name="java.runtime.name" value="Java(TM) SE Runtime Environment" />
    <property name="sun.boot.library.path" value="C:\Program Files\Java\jdk1.8.0_131\jre\bin" />
    <property name="java.vm.version" value="25.131-b11" />
    <property name="ant.library.dir" value="C:\Users\eyal.kopelevich\.p2\pool\plugins\org.apache.ant_1.9.6.v201510161327\lib" />
    <property name="ant.version" value="Apache Ant(TM) version 1.9.6 compiled on June 29 2015" />
    <property name="ant.java.version" value="1.8" />
    <property name="java.vm.vendor" value="Oracle Corporation" />
    <property name="java.vendor.url" value="http://java.oracle.com/" />
    <property name="path.separator" value=";" />
    <property name="ant.file.Project" value="C:\Users\eyal.kopelevich\workspace2\ReporterTask2\build.xml" />
    <property name="java.vm.name" value="Java HotSpot(TM) 64-Bit Server VM" />
    <property name="file.encoding.pkg" value="sun.io" />
    <property name="user.script" value="" />
    <property name="user.country" value="US" />
    <property name="sun.java.launcher" value="SUN_STANDARD" />
    <property name="sun.os.patch.level" value="" />
    <property name="java.vm.specification.name" value="Java Virtual Machine Specification" />
    <property name="user.dir" value="C:\Users\eyal.kopelevich\workspace2\ReporterTask2" />
    <property name="java.runtime.version" value="1.8.0_131-b11" />
    <property name="java.awt.graphicsenv" value="sun.awt.Win32GraphicsEnvironment" />
    <property name="basedir" value="C:\Users\eyal.kopelevich\workspace2\ReporterTask2" />
    <property name="java.endorsed.dirs" value="C:\Program Files\Java\jdk1.8.0_131\jre\lib\endorsed" />
    <property name="os.arch" value="amd64" />
    <property name="ant.project.default-target" value="Parallel exec" />
    <property name="java.io.tmpdir" value="C:\Users\EYAL~1.KOP\AppData\Local\Temp\" />
    <property name="ant.core.lib" value="C:\Users\eyal.kopelevich\.p2\pool\plugins\org.apache.ant_1.9.6.v201510161327\lib\ant.jar" />
    <property name="line.separator" value="&#xd;&#xa;" />
    <property name="java.vm.specification.vendor" value="Oracle Corporation" />
    <property name="user.variant" value="" />
    <property name="os.name" value="Windows 10" />
    <property name="ant.home" value="C:\Users\eyal.kopelevich\.p2\pool\plugins\org.apache.ant_1.9.6.v201510161327" />
    <property name="ant.project.name" value="Project" />
    <property name="sun.jnu.encoding" value="Cp1252" />
    <property name="java.library.path" value="C:\Program Files\Java\jdk1.8.0_131\jre\bin;C:\WINDOWS\Sun\Java\bin;C:\WINDOWS\system32;C:\WINDOWS;C:/Program Files/Java/jdk1.8.0_131/bin/../jre/bin/server;C:/Program Files/Java/jdk1.8.0_131/bin/../jre/bin;C:/Program Files/Java/jdk1.8.0_131/bin/../jre/lib/amd64;C:\WINDOWS\system32;C:\WINDOWS;C:\WINDOWS\System32\Wbem;C:\WINDOWS\System32\WindowsPowerShell\v1.0\;C:\WINDOWS\system32\config\systemprofile\.dnx\bin;C:\Program Files\Microsoft DNX\Dnvm\;C:\Program Files\Microsoft SQL Server\130\Tools\Binn\;C:\Program Files\apache-ant-1.10.1\bin;C:\Program Files\Java\jdk1.8.0_131\bin;C:\Program Files\Git\cmd;C:\Program Files (x86)\Skype\Phone\;C:\Users\eyal.kopelevich\AppData\Local\Programs\Python\Python36-32\Scripts\;C:\Users\eyal.kopelevich\AppData\Local\Programs\Python\Python36-32\;C:\Users\eyal.kopelevich\AppData\Local\Microsoft\WindowsApps;;C:\Users\eyal.kopelevich\eclipse\java-neon\eclipse;;." />
    <property name="java.class.version" value="52.0" />
    <property name="java.specification.name" value="Java Platform API Specification" />
    <property name="sun.management.compiler" value="HotSpot 64-Bit Tiered Compilers" />
    <property name="os.version" value="10.0" />
    <property name="ant.file" value="C:\Users\eyal.kopelevich\workspace2\ReporterTask2\build.xml" />
    <property name="user.home" value="C:\Users\eyal.kopelevich" />
    <property name="user.timezone" value="" />
    <property name="java.awt.printerjob" value="sun.awt.windows.WPrinterJob" />
    <property name="file.encoding" value="Cp1252" />
    <property name="java.specification.version" value="1.8" />
    <property name="java.class.path" value="C:\Users\eyal.kopelevich\workspace2\ReporterTask2\classes;C:\Users\eyal.kopelevich\workspace2\ReporterTask2\lib\appium-client.jar;C:\Users\eyal.kopelevich\workspace2\ReporterTask2\lib\aspectjweaver-1.8.9.jar;C:\Users\eyal.kopelevich\workspace2\ReporterTask2\lib\boon-0.33.jar;C:\Users\eyal.kopelevich\workspace2\ReporterTask2\lib\cglib-nodep-3.2.4.jar;C:\Users\eyal.kopelevich\workspace2\ReporterTask2\lib\clientsGenerator-11.0.jar;C:\Users\eyal.kopelevich\workspace2\ReporterTask2\lib\commons-beanutils-1.9.2.jar;C:\Users\eyal.kopelevich\workspace2\ReporterTask2\lib\commons-codec-1.10.jar;C:\Users\eyal.kopelevich\workspace2\ReporterTask2\lib\commons-collections-3.2.2.jar;C:\Users\eyal.kopelevich\workspace2\ReporterTask2\lib\commons-digester-1.8.1.jar;C:\Users\eyal.kopelevich\workspace2\ReporterTask2\lib\commons-exec-1.3.jar;C:\Users\eyal.kopelevich\workspace2\ReporterTask2\lib\commons-io-2.4.jar;C:\Users\eyal.kopelevich\workspace2\ReporterTask2\lib\commons-lang3-3.4.jar;C:\Users\eyal.kopelevich\workspace2\ReporterTask2\lib\commons-logging-1.2.jar;C:\Users\eyal.kopelevich\workspace2\ReporterTask2\lib\commons-validator-1.5.1.jar;C:\Users\eyal.kopelevich\workspace2\ReporterTask2\lib\cssparser-0.9.18.jar;C:\Users\eyal.kopelevich\workspace2\ReporterTask2\lib\gson-2.7.jar;C:\Users\eyal.kopelevich\workspace2\ReporterTask2\lib\guava-19.0.jar;C:\Users\eyal.kopelevich\workspace2\ReporterTask2\lib\hamcrest-core-1.3.jar;C:\Users\eyal.kopelevich\workspace2\ReporterTask2\lib\htmlunit-2.21.jar;C:\Users\eyal.kopelevich\workspace2\ReporterTask2\lib\htmlunit-core-js-2.17.jar;C:\Users\eyal.kopelevich\workspace2\ReporterTask2\lib\htmlunit-driver-2.21.jar;C:\Users\eyal.kopelevich\workspace2\ReporterTask2\lib\httpclient-4.5.2.jar;C:\Users\eyal.kopelevich\workspace2\ReporterTask2\lib\httpcore-4.4.4.jar;C:\Users\eyal.kopelevich\workspace2\ReporterTask2\lib\httpmime-4.5.2.jar;C:\Users\eyal.kopelevich\workspace2\ReporterTask2\lib\imageClient-11.0.jar;C:\Users\eyal.kopelevich\workspace2\ReporterTask2\lib\java-client-4.1.2.jar;C:\Users\eyal.kopelevich\workspace2\ReporterTask2\lib\jetty-io-9.2.15.v20160210.jar;C:\Users\eyal.kopelevich\workspace2\ReporterTask2\lib\jetty-util-9.2.15.v20160210.jar;C:\Users\eyal.kopelevich\workspace2\ReporterTask2\lib\jna-4.1.0.jar;C:\Users\eyal.kopelevich\workspace2\ReporterTask2\lib\jna-platform-4.1.0.jar;C:\Users\eyal.kopelevich\workspace2\ReporterTask2\lib\junit-4.12.jar;C:\Users\eyal.kopelevich\workspace2\ReporterTask2\lib\manager-client-api-11.0.1.jar;C:\Users\eyal.kopelevich\workspace2\ReporterTask2\lib\neko-htmlunit-2.21.jar;C:\Users\eyal.kopelevich\workspace2\ReporterTask2\lib\netty-3.5.7.Final.jar;C:\Users\eyal.kopelevich\workspace2\ReporterTask2\lib\sac-1.3.jar;C:\Users\eyal.kopelevich\workspace2\ReporterTask2\lib\selenium-api-2.53.1.jar;C:\Users\eyal.kopelevich\workspace2\ReporterTask2\lib\selenium-chrome-driver-2.53.1.jar;C:\Users\eyal.kopelevich\workspace2\ReporterTask2\lib\selenium-edge-driver-2.53.1.jar;C:\Users\eyal.kopelevich\workspace2\ReporterTask2\lib\selenium-firefox-driver-2.53.1.jar;C:\Users\eyal.kopelevich\workspace2\ReporterTask2\lib\selenium-ie-driver-2.53.1.jar;C:\Users\eyal.kopelevich\workspace2\ReporterTask2\lib\selenium-java-2.53.1.jar;C:\Users\eyal.kopelevich\workspace2\ReporterTask2\lib\selenium-leg-rc-2.53.1.jar;C:\Users\eyal.kopelevich\workspace2\ReporterTask2\lib\selenium-remote-driver-2.53.1.jar;C:\Users\eyal.kopelevich\workspace2\ReporterTask2\lib\selenium-safari-driver-2.53.1.jar;C:\Users\eyal.kopelevich\workspace2\ReporterTask2\lib\selenium-support-2.53.1.jar;C:\Users\eyal.kopelevich\workspace2\ReporterTask2\lib\serializer-2.7.2.jar;C:\Users\eyal.kopelevich\workspace2\ReporterTask2\lib\spring-aop-4.3.2.RELEASE.jar;C:\Users\eyal.kopelevich\workspace2\ReporterTask2\lib\spring-beans-4.3.2.RELEASE.jar;C:\Users\eyal.kopelevich\workspace2\ReporterTask2\lib\spring-context-4.3.2.RELEASE.jar;C:\Users\eyal.kopelevich\workspace2\ReporterTask2\lib\spring-core-4.3.2.RELEASE.jar;C:\Users\eyal.kopelevich\workspace2\ReporterTask2\lib\spring-expression-4.3.2.RELEASE.jar;C:\Users\eyal.kopelevich\workspace2\ReporterTask2\lib\websocket-api-9.2.15.v20160210.jar;C:\Users\eyal.kopelevich\workspace2\ReporterTask2\lib\websocket-client-9.2.15.v20160210.jar;C:\Users\eyal.kopelevich\workspace2\ReporterTask2\lib\websocket-common-9.2.15.v20160210.jar;C:\Users\eyal.kopelevich\workspace2\ReporterTask2\lib\ws-commons-util-1.0.2.jar;C:\Users\eyal.kopelevich\workspace2\ReporterTask2\lib\xalan-2.7.2.jar;C:\Users\eyal.kopelevich\workspace2\ReporterTask2\lib\xercesImpl-2.11.0.jar;C:\Users\eyal.kopelevich\workspace2\ReporterTask2\lib\xml-apis-1.4.01.jar;C:\Users\eyal.kopelevich\workspace2\ReporterTask2\lib\xmlrpc-client-3.1.2.jar;C:\Users\eyal.kopelevich\workspace2\ReporterTask2\lib\xmlrpc-common-3.1.2.jar;C:\Users\eyal.kopelevich\.p2\pool\plugins\org.apache.ant_1.9.6.v201510161327\lib\ant-launcher.jar;C:\Users\eyal.kopelevich\.p2\pool\plugins\org.apache.ant_1.9.6.v201510161327\lib\ant.jar;C:\Users\eyal.kopelevich\.p2\pool\plugins\org.apache.ant_1.9.6.v201510161327\lib\ant-junit.jar;C:\Users\eyal.kopelevich\.p2\pool\plugins\org.apache.ant_1.9.6.v201510161327\lib\ant-junit4.jar" />
    <property name="user.name" value="eyal.kopelevich" />
    <property name="ant.file.type.Project" value="file" />
    <property name="java.vm.specification.version" value="1.8" />
    <property name="sun.arch.data.model" value="64" />
    <property name="sun.java.command" value="org.apache.tools.ant.taskdefs.optional.junit.JUnitTestRunner p1.AppiumGridIOS skipNonTests=false filtertrace=true haltOnError=false haltOnFailure=false formatter=org.apache.tools.ant.taskdefs.optional.junit.OutErrSummaryJUnitResultFormatter showoutput=true outputtoformatters=true logfailedtests=true threadid=0 logtestlistenerevents=false formatter=org.apache.tools.ant.taskdefs.optional.junit.XMLJUnitResultFormatter,C:\Users\eyal.kopelevich\workspace2\ReporterTask2\TEST-p1.AppiumGridIOS.xml crashfile=C:\Users\eyal.kopelevich\workspace2\ReporterTask2\junitvmwatcher2136682358507074467.properties propsfile=C:\Users\eyal.kopelevich\workspace2\ReporterTask2\junit5577964542273734495.properties" />
    <property name="java.home" value="C:\Program Files\Java\jdk1.8.0_131\jre" />
    <property name="java.specification.vendor" value="Oracle Corporation" />
    <property name="user.language" value="en" />
    <property name="awt.toolkit" value="sun.awt.windows.WToolkit" />
    <property name="java.vm.info" value="mixed mode" />
    <property name="java.version" value="1.8.0_131" />
    <property name="java.ext.dirs" value="C:\Program Files\Java\jdk1.8.0_131\jre\lib\ext;C:\WINDOWS\Sun\Java\lib\ext" />
    <property name="sun.boot.class.path" value="C:\Program Files\Java\jdk1.8.0_131\jre\lib\resources.jar;C:\Program Files\Java\jdk1.8.0_131\jre\lib\rt.jar;C:\Program Files\Java\jdk1.8.0_131\jre\lib\sunrsasign.jar;C:\Program Files\Java\jdk1.8.0_131\jre\lib\jsse.jar;C:\Program Files\Java\jdk1.8.0_131\jre\lib\jce.jar;C:\Program Files\Java\jdk1.8.0_131\jre\lib\charsets.jar;C:\Program Files\Java\jdk1.8.0_131\jre\lib\jfr.jar;C:\Program Files\Java\jdk1.8.0_131\jre\classes" />
    <property name="java.vendor" value="Oracle Corporation" />
    <property name="file.separator" value="\" />
    <property name="java.vendor.url.bug" value="http://bugreport.sun.com/bugreport/" />
    <property name="sun.cpu.endian" value="little" />
    <property name="sun.io.unicode.encoding" value="UnicodeLittle" />
    <property name="sun.desktop" value="windows" />
    <property name="sun.cpu.isalist" value="amd64" />
  </properties>
  <testcase classname="p1.AppiumGridIOS" name="testIOS" time="105.329" />
  <system-out><![CDATA[]]></system-out>
  <system-err><![CDATA[Nov 10, 2017 9:25:51 AM org.openqa.selenium.remote.RemoteWebDriver log
INFO: Executing: findElement [CLOUD-SID:2017-11-10_09-24-56-bf9cd438-7fa5-4b11-8915-2c5e3fa0707d, findElement {using=xpath, value=//*[@accessibilityLabel='Username']}]
Nov 10, 2017 9:25:53 AM org.openqa.selenium.remote.RemoteWebDriver log
INFO: Executed: [CLOUD-SID:2017-11-10_09-24-56-bf9cd438-7fa5-4b11-8915-2c5e3fa0707d, findElement {using=xpath, value=//*[@accessibilityLabel='Username']}]
Nov 10, 2017 9:25:53 AM org.openqa.selenium.remote.RemoteWebDriver log
INFO: Executing: sendKeysToElement [CLOUD-SID:2017-11-10_09-24-56-bf9cd438-7fa5-4b11-8915-2c5e3fa0707d, sendKeysToElement {id=11, value=[Ljava.lang.CharSequence;@6d60fe40}]
Nov 10, 2017 9:25:56 AM org.openqa.selenium.remote.RemoteWebDriver log
INFO: Executed: [CLOUD-SID:2017-11-10_09-24-56-bf9cd438-7fa5-4b11-8915-2c5e3fa0707d, sendKeysToElement {id=11, value=[Ljava.lang.CharSequence;@6d60fe40}]
Nov 10, 2017 9:25:56 AM org.openqa.selenium.remote.RemoteWebDriver log
INFO: Executing: findElement [CLOUD-SID:2017-11-10_09-24-56-bf9cd438-7fa5-4b11-8915-2c5e3fa0707d, findElement {using=xpath, value=//*[@accessibilityLabel='Password']}]
Nov 10, 2017 9:25:58 AM org.openqa.selenium.remote.RemoteWebDriver log
INFO: Executed: [CLOUD-SID:2017-11-10_09-24-56-bf9cd438-7fa5-4b11-8915-2c5e3fa0707d, findElement {using=xpath, value=//*[@accessibilityLabel='Password']}]
Nov 10, 2017 9:25:58 AM org.openqa.selenium.remote.RemoteWebDriver log
INFO: Executing: sendKeysToElement [CLOUD-SID:2017-11-10_09-24-56-bf9cd438-7fa5-4b11-8915-2c5e3fa0707d, sendKeysToElement {id=12, value=[Ljava.lang.CharSequence;@19932c16}]
Nov 10, 2017 9:26:01 AM org.openqa.selenium.remote.RemoteWebDriver log
INFO: Executed: [CLOUD-SID:2017-11-10_09-24-56-bf9cd438-7fa5-4b11-8915-2c5e3fa0707d, sendKeysToElement {id=12, value=[Ljava.lang.CharSequence;@19932c16}]
Nov 10, 2017 9:26:01 AM org.openqa.selenium.remote.RemoteWebDriver log
INFO: Executing: findElement [CLOUD-SID:2017-11-10_09-24-56-bf9cd438-7fa5-4b11-8915-2c5e3fa0707d, findElement {using=xpath, value=xpath=//*[@text='Login']}]
Nov 10, 2017 9:26:02 AM org.openqa.selenium.remote.RemoteWebDriver log
INFO: Executed: [CLOUD-SID:2017-11-10_09-24-56-bf9cd438-7fa5-4b11-8915-2c5e3fa0707d, findElement {using=xpath, value=xpath=//*[@text='Login']}]
Nov 10, 2017 9:26:02 AM org.openqa.selenium.remote.RemoteWebDriver log
INFO: Executing: clickElement [CLOUD-SID:2017-11-10_09-24-56-bf9cd438-7fa5-4b11-8915-2c5e3fa0707d, clickElement {id=13}]
Nov 10, 2017 9:26:03 AM org.openqa.selenium.remote.RemoteWebDriver log
INFO: Executed: [CLOUD-SID:2017-11-10_09-24-56-bf9cd438-7fa5-4b11-8915-2c5e3fa0707d, clickElement {id=13}]
Nov 10, 2017 9:26:03 AM org.openqa.selenium.remote.RemoteWebDriver log
INFO: Executing: findElement [CLOUD-SID:2017-11-10_09-24-56-bf9cd438-7fa5-4b11-8915-2c5e3fa0707d, findElement {using=xpath, value=xpath=//*[@text='Make Payment']}]
Nov 10, 2017 9:26:05 AM org.openqa.selenium.remote.RemoteWebDriver log
INFO: Executed: [CLOUD-SID:2017-11-10_09-24-56-bf9cd438-7fa5-4b11-8915-2c5e3fa0707d, findElement {using=xpath, value=xpath=//*[@text='Make Payment']}]
Nov 10, 2017 9:26:05 AM org.openqa.selenium.remote.RemoteWebDriver log
INFO: Executing: clickElement [CLOUD-SID:2017-11-10_09-24-56-bf9cd438-7fa5-4b11-8915-2c5e3fa0707d, clickElement {id=14}]
Nov 10, 2017 9:26:06 AM org.openqa.selenium.remote.RemoteWebDriver log
INFO: Executed: [CLOUD-SID:2017-11-10_09-24-56-bf9cd438-7fa5-4b11-8915-2c5e3fa0707d, clickElement {id=14}]
Nov 10, 2017 9:26:06 AM org.openqa.selenium.remote.RemoteWebDriver log
INFO: Executing: findElement [CLOUD-SID:2017-11-10_09-24-56-bf9cd438-7fa5-4b11-8915-2c5e3fa0707d, findElement {using=xpath, value=xpath=//*[@text='Select']}]
Nov 10, 2017 9:26:07 AM org.openqa.selenium.remote.RemoteWebDriver log
INFO: Executed: [CLOUD-SID:2017-11-10_09-24-56-bf9cd438-7fa5-4b11-8915-2c5e3fa0707d, findElement {using=xpath, value=xpath=//*[@text='Select']}]
Nov 10, 2017 9:26:07 AM org.openqa.selenium.remote.RemoteWebDriver log
INFO: Executing: clickElement [CLOUD-SID:2017-11-10_09-24-56-bf9cd438-7fa5-4b11-8915-2c5e3fa0707d, clickElement {id=15}]
Nov 10, 2017 9:26:08 AM org.openqa.selenium.remote.RemoteWebDriver log
INFO: Executed: [CLOUD-SID:2017-11-10_09-24-56-bf9cd438-7fa5-4b11-8915-2c5e3fa0707d, clickElement {id=15}]
Nov 10, 2017 9:26:08 AM org.openqa.selenium.remote.RemoteWebDriver log
INFO: Executing: findElement [CLOUD-SID:2017-11-10_09-24-56-bf9cd438-7fa5-4b11-8915-2c5e3fa0707d, findElement {using=xpath, value=//*[@accessibilityLabel='USA']}]
Nov 10, 2017 9:26:09 AM org.openqa.selenium.remote.RemoteWebDriver log
INFO: Executed: [CLOUD-SID:2017-11-10_09-24-56-bf9cd438-7fa5-4b11-8915-2c5e3fa0707d, findElement {using=xpath, value=//*[@accessibilityLabel='USA']}]
Nov 10, 2017 9:26:09 AM org.openqa.selenium.remote.RemoteWebDriver log
INFO: Executing: clickElement [CLOUD-SID:2017-11-10_09-24-56-bf9cd438-7fa5-4b11-8915-2c5e3fa0707d, clickElement {id=16}]
Nov 10, 2017 9:26:10 AM org.openqa.selenium.remote.RemoteWebDriver log
INFO: Executed: [CLOUD-SID:2017-11-10_09-24-56-bf9cd438-7fa5-4b11-8915-2c5e3fa0707d, clickElement {id=16}]
Nov 10, 2017 9:26:10 AM org.openqa.selenium.remote.RemoteWebDriver log
INFO: Executing: findElement [CLOUD-SID:2017-11-10_09-24-56-bf9cd438-7fa5-4b11-8915-2c5e3fa0707d, findElement {using=xpath, value=xpath=//*[@accessibilityLabel='Cancel']}]
Nov 10, 2017 9:26:11 AM org.openqa.selenium.remote.RemoteWebDriver log
INFO: Executed: [CLOUD-SID:2017-11-10_09-24-56-bf9cd438-7fa5-4b11-8915-2c5e3fa0707d, findElement {using=xpath, value=xpath=//*[@accessibilityLabel='Cancel']}]
Nov 10, 2017 9:26:11 AM org.openqa.selenium.remote.RemoteWebDriver log
INFO: Executing: clickElement [CLOUD-SID:2017-11-10_09-24-56-bf9cd438-7fa5-4b11-8915-2c5e3fa0707d, clickElement {id=17}]
Nov 10, 2017 9:26:12 AM org.openqa.selenium.remote.RemoteWebDriver log
INFO: Executed: [CLOUD-SID:2017-11-10_09-24-56-bf9cd438-7fa5-4b11-8915-2c5e3fa0707d, clickElement {id=17}]
Nov 10, 2017 9:26:12 AM org.openqa.selenium.remote.RemoteWebDriver log
INFO: Executing: findElement [CLOUD-SID:2017-11-10_09-24-56-bf9cd438-7fa5-4b11-8915-2c5e3fa0707d, findElement {using=xpath, value=xpath=//*[@accessibilityLabel='Logout']}]
Nov 10, 2017 9:26:13 AM org.openqa.selenium.remote.RemoteWebDriver log
INFO: Executed: [CLOUD-SID:2017-11-10_09-24-56-bf9cd438-7fa5-4b11-8915-2c5e3fa0707d, findElement {using=xpath, value=xpath=//*[@accessibilityLabel='Logout']}]
Nov 10, 2017 9:26:13 AM org.openqa.selenium.remote.RemoteWebDriver log
INFO: Executing: clickElement [CLOUD-SID:2017-11-10_09-24-56-bf9cd438-7fa5-4b11-8915-2c5e3fa0707d, clickElement {id=18}]
Nov 10, 2017 9:26:14 AM org.openqa.selenium.remote.RemoteWebDriver log
INFO: Executed: [CLOUD-SID:2017-11-10_09-24-56-bf9cd438-7fa5-4b11-8915-2c5e3fa0707d, clickElement {id=18}]
Nov 10, 2017 9:26:14 AM org.openqa.selenium.remote.RemoteWebDriver log
INFO: Executing: get [CLOUD-SID:2017-11-10_09-24-56-bf9cd438-7fa5-4b11-8915-2c5e3fa0707d, get {url=http://www.wikipedia.org}]
Nov 10, 2017 9:26:29 AM org.openqa.selenium.remote.RemoteWebDriver log
INFO: Executed: [CLOUD-SID:2017-11-10_09-24-56-bf9cd438-7fa5-4b11-8915-2c5e3fa0707d, get {url=http://www.wikipedia.org}]
Nov 10, 2017 9:26:29 AM org.openqa.selenium.remote.RemoteWebDriver log
INFO: Executing: quit [CLOUD-SID:2017-11-10_09-24-56-bf9cd438-7fa5-4b11-8915-2c5e3fa0707d, quit {}]
Nov 10, 2017 9:26:34 AM org.openqa.selenium.remote.RemoteWebDriver log
INFO: Executed: [CLOUD-SID:2017-11-10_09-24-56-bf9cd438-7fa5-4b11-8915-2c5e3fa0707d, quit {}]
]]></system-err>
</testsuite>
